1636782302.632439 client started (19850): version next-3.4, socket /tmp/tmux-165027/default, protocol 8
1636782302.632455 on Linux 4.12.14-122.88-default #1 SMP Mon Sep 13 15:08:09 UTC 2021 (22a2967)
1636782302.632459 using libevent 2.1.11-stable (poll); ncurses 6.2
1636782302.632484 flags are 0x10010000
1636782302.632487 socket is /tmp/tmux-165027/default
1636782302.632495 trying connect
1636782302.632613 add peer 0x1823830: 6 ((nil))
1636782302.633888 sending message 100 to peer 0x1823830 (4 bytes)
1636782302.633896 sending message 111 to peer 0x1823830 (8 bytes)
1636782302.633899 sending message 101 to peer 0x1823830 (16 bytes)
1636782302.633902 sending message 109 to peer 0x1823830 (4 bytes)
1636782302.633904 sending message 102 to peer 0x1823830 (11 bytes)
1636782302.633907 sending message 108 to peer 0x1823830 (56 bytes)
1636782302.633910 sending message 112 to peer 0x1823830 (70 bytes)
1636782302.633913 sending message 112 to peer 0x1823830 (5 bytes)
1636782302.633916 sending message 112 to peer 0x1823830 (5 bytes)
1636782302.633918 sending message 112 to peer 0x1823830 (6 bytes)
1636782302.633921 sending message 112 to peer 0x1823830 (6 bytes)
1636782302.633923 sending message 112 to peer 0x1823830 (11 bytes)
1636782302.633926 sending message 112 to peer 0x1823830 (10 bytes)
1636782302.633929 sending message 112 to peer 0x1823830 (13 bytes)
1636782302.633931 sending message 112 to peer 0x1823830 (13 bytes)
1636782302.633934 sending message 112 to peer 0x1823830 (18 bytes)
1636782302.633936 sending message 112 to peer 0x1823830 (11 bytes)
1636782302.633939 sending message 112 to peer 0x1823830 (21 bytes)
1636782302.633941 sending message 112 to peer 0x1823830 (13 bytes)
1636782302.633944 sending message 112 to peer 0x1823830 (7 bytes)
1636782302.633946 sending message 112 to peer 0x1823830 (13 bytes)
1636782302.633949 sending message 112 to peer 0x1823830 (7 bytes)
1636782302.633951 sending message 112 to peer 0x1823830 (13 bytes)
1636782302.633954 sending message 112 to peer 0x1823830 (9 bytes)
1636782302.633957 sending message 112 to peer 0x1823830 (21 bytes)
1636782302.633959 sending message 112 to peer 0x1823830 (13 bytes)
1636782302.633962 sending message 112 to peer 0x1823830 (8 bytes)
1636782302.633964 sending message 112 to peer 0x1823830 (12 bytes)
1636782302.633967 sending message 112 to peer 0x1823830 (13 bytes)
1636782302.633969 sending message 112 to peer 0x1823830 (9 bytes)
1636782302.633972 sending message 112 to peer 0x1823830 (9 bytes)
1636782302.633974 sending message 112 to peer 0x1823830 (12 bytes)
1636782302.633977 sending message 112 to peer 0x1823830 (8 bytes)
1636782302.633979 sending message 112 to peer 0x1823830 (7 bytes)
1636782302.633982 sending message 112 to peer 0x1823830 (7 bytes)
1636782302.633984 sending message 112 to peer 0x1823830 (9 bytes)
1636782302.633987 sending message 112 to peer 0x1823830 (13 bytes)
1636782302.633989 sending message 112 to peer 0x1823830 (9 bytes)
1636782302.633992 sending message 112 to peer 0x1823830 (15 bytes)
1636782302.633994 sending message 112 to peer 0x1823830 (13 bytes)
1636782302.633997 sending message 112 to peer 0x1823830 (12 bytes)
1636782302.633999 sending message 112 to peer 0x1823830 (8 bytes)
1636782302.634002 sending message 112 to peer 0x1823830 (14 bytes)
1636782302.634004 sending message 112 to peer 0x1823830 (9 bytes)
1636782302.634007 sending message 112 to peer 0x1823830 (10 bytes)
1636782302.634009 sending message 112 to peer 0x1823830 (10 bytes)
1636782302.634012 sending message 112 to peer 0x1823830 (10 bytes)
1636782302.634014 sending message 112 to peer 0x1823830 (10 bytes)
1636782302.634017 sending message 112 to peer 0x1823830 (11 bytes)
1636782302.634019 sending message 112 to peer 0x1823830 (10 bytes)
1636782302.634022 sending message 112 to peer 0x1823830 (8 bytes)
1636782302.634024 sending message 112 to peer 0x1823830 (11 bytes)
1636782302.634027 sending message 112 to peer 0x1823830 (11 bytes)
1636782302.634030 sending message 112 to peer 0x1823830 (11 bytes)
1636782302.634032 sending message 112 to peer 0x1823830 (8 bytes)
1636782302.634039 sending message 112 to peer 0x1823830 (8 bytes)
1636782302.634042 sending message 112 to peer 0x1823830 (8 bytes)
1636782302.634044 sending message 112 to peer 0x1823830 (10 bytes)
1636782302.634047 sending message 112 to peer 0x1823830 (10 bytes)
1636782302.634050 sending message 112 to peer 0x1823830 (10 bytes)
1636782302.634052 sending message 112 to peer 0x1823830 (10 bytes)
1636782302.634055 sending message 112 to peer 0x1823830 (10 bytes)
1636782302.634057 sending message 112 to peer 0x1823830 (11 bytes)
1636782302.634060 sending message 112 to peer 0x1823830 (11 bytes)
1636782302.634062 sending message 112 to peer 0x1823830 (10 bytes)
1636782302.634065 sending message 112 to peer 0x1823830 (9 bytes)
1636782302.634067 sending message 112 to peer 0x1823830 (9 bytes)
1636782302.634070 sending message 112 to peer 0x1823830 (12 bytes)
1636782302.634072 sending message 112 to peer 0x1823830 (9 bytes)
1636782302.634075 sending message 112 to peer 0x1823830 (6 bytes)
1636782302.634077 sending message 112 to peer 0x1823830 (13 bytes)
1636782302.634080 sending message 112 to peer 0x1823830 (8 bytes)
1636782302.634082 sending message 112 to peer 0x1823830 (15 bytes)
1636782302.634085 sending message 112 to peer 0x1823830 (13 bytes)
1636782302.634087 sending message 112 to peer 0x1823830 (70 bytes)
1636782302.634090 sending message 112 to peer 0x1823830 (69 bytes)
1636782302.634092 sending message 112 to peer 0x1823830 (10 bytes)
1636782302.634095 sending message 112 to peer 0x1823830 (8 bytes)
1636782302.634098 sending message 112 to peer 0x1823830 (15 bytes)
1636782302.634100 sending message 112 to peer 0x1823830 (13 bytes)
1636782302.634103 sending message 112 to peer 0x1823830 (10 bytes)
1636782302.634105 sending message 112 to peer 0x1823830 (10 bytes)
1636782302.634108 sending message 112 to peer 0x1823830 (5 bytes)
1636782302.634110 sending message 112 to peer 0x1823830 (15 bytes)
1636782302.634114 sending message 104 to peer 0x1823830 (0 bytes)
1636782302.634117 sending message 110 to peer 0x1823830 (0 bytes)
1636782302.634120 sending message 107 to peer 0x1823830 (4 bytes)
1636782302.634122 sending message 105 to peer 0x1823830 (12 bytes)
1636782302.634125 sending message 105 to peer 0x1823830 (116 bytes)
1636782302.634128 sending message 105 to peer 0x1823830 (27 bytes)
1636782302.634130 sending message 105 to peer 0x1823830 (16 bytes)
1636782302.634133 sending message 105 to peer 0x1823830 (13 bytes)
1636782302.634135 sending message 105 to peer 0x1823830 (190 bytes)
1636782302.634138 sending message 105 to peer 0x1823830 (8 bytes)
1636782302.634141 sending message 105 to peer 0x1823830 (16 bytes)
1636782302.634143 sending message 105 to peer 0x1823830 (32 bytes)
1636782302.634146 sending message 105 to peer 0x1823830 (1416 bytes)
1636782302.634154 sending message 105 to peer 0x1823830 (23 bytes)
1636782302.634157 sending message 105 to peer 0x1823830 (139 bytes)
1636782302.634159 sending message 105 to peer 0x1823830 (17 bytes)
1636782302.634162 sending message 105 to peer 0x1823830 (42 bytes)
1636782302.634165 sending message 105 to peer 0x1823830 (31 bytes)
1636782302.634167 sending message 105 to peer 0x1823830 (74 bytes)
1636782302.634170 sending message 105 to peer 0x1823830 (41 bytes)
1636782302.634173 sending message 105 to peer 0x1823830 (11 bytes)
1636782302.634175 sending message 105 to peer 0x1823830 (2307 bytes)
1636782302.634179 sending message 105 to peer 0x1823830 (42 bytes)
1636782302.634181 sending message 105 to peer 0x1823830 (15 bytes)
1636782302.634184 sending message 105 to peer 0x1823830 (60 bytes)
1636782302.634186 sending message 105 to peer 0x1823830 (64 bytes)
1636782302.634189 sending message 105 to peer 0x1823830 (20 bytes)
1636782302.634192 sending message 105 to peer 0x1823830 (8 bytes)
1636782302.634194 sending message 105 to peer 0x1823830 (15 bytes)
1636782302.634197 sending message 105 to peer 0x1823830 (8 bytes)
1636782302.634199 sending message 105 to peer 0x1823830 (9 bytes)
1636782302.634202 sending message 105 to peer 0x1823830 (47 bytes)
1636782302.634204 sending message 105 to peer 0x1823830 (34 bytes)
1636782302.634209 sending message 105 to peer 0x1823830 (52 bytes)
1636782302.634211 sending message 105 to peer 0x1823830 (19 bytes)
1636782302.634214 sending message 105 to peer 0x1823830 (21 bytes)
1636782302.634217 sending message 105 to peer 0x1823830 (18 bytes)
1636782302.634219 sending message 105 to peer 0x1823830 (30 bytes)
1636782302.634222 sending message 105 to peer 0x1823830 (22 bytes)
1636782302.634225 sending message 105 to peer 0x1823830 (38 bytes)
1636782302.634227 sending message 105 to peer 0x1823830 (13 bytes)
1636782302.634230 sending message 105 to peer 0x1823830 (37 bytes)
1636782302.634232 sending message 105 to peer 0x1823830 (18 bytes)
1636782302.634235 sending message 105 to peer 0x1823830 (13 bytes)
1636782302.634237 sending message 105 to peer 0x1823830 (37 bytes)
1636782302.634240 sending message 105 to peer 0x1823830 (40 bytes)
1636782302.634243 sending message 105 to peer 0x1823830 (109 bytes)
1636782302.634246 sending message 106 to peer 0x1823830 (0 bytes)
1636782302.634254 sending message 200 to peer 0x1823830 (4 bytes)
1636782302.634257 client loop enter
1636782302.635693 peer 0x1823830 message 303
1636782302.635699 open write file 2 -
1636782302.635711 sending message 305 to peer 0x1823830 (8 bytes)
1636782302.635791 write check file 2
1636782302.636395 peer 0x1823830 message 304
1636782302.636399 write 58 to file 2
1636782302.636405 peer 0x1823830 message 203
1636782302.636407 file 2 58 bytes left
1636782302.636424 write check file 2
1636782302.636427 client loop exit
